<?xml version="1.0" encoding="UTF-8"?>

<mule xmlns:db="http://www.mulesoft.org/schema/mule/db"
	xmlns:sfdc="http://www.mulesoft.org/schema/mule/sfdc"
	xmlns="http://www.mulesoft.org/schema/mule/core"
	xmlns:doc="http://www.mulesoft.org/schema/mule/documentation"
	xmlns:spring="http://www.springframework.org/schema/beans" 
	xmlns:xsi="http://www.w3.org/2001/XMLSchema-instance"
	xsi:schemaLocation="http://www.mulesoft.org/schema/mule/db http://www.mulesoft.org/schema/mule/db/current/mule-db.xsd
http://www.springframework.org/schema/beans http://www.springframework.org/schema/beans/spring-beans-current.xsd
http://www.mulesoft.org/schema/mule/core http://www.mulesoft.org/schema/mule/core/current/mule.xsd
http://www.mulesoft.org/schema/mule/sfdc http://www.mulesoft.org/schema/mule/sfdc/current/mule-sfdc.xsd">


    <sub-flow name="retrieveContactFromDatabaseFlow" >
        <enricher source="#[payload.isEmpty() ? null : payload[0]]" target="#[payload]" doc:name="Message Enricher">
            <db:select config-ref="Database" doc:name="Database">
                <db:parameterized-query><![CDATA[SELECT ID, Name, Phone,Email FROM Contact WHERE Name = #[payload['Name']]]]></db:parameterized-query>


            </db:select>
        </enricher>
    </sub-flow>
    	
    <sub-flow name="createContactInSFDCFlow" >
		<sfdc:create config-ref="Salesforce" type="Contact"
			doc:name="Salesforce">
			<sfdc:objects ref="#[payload]" />
		</sfdc:create>
        <logger message="createContactInAFlow response #[payload]" level="INFO" doc:name="Logger"/>
	</sub-flow>
    

    <sub-flow name="deleteContactFromSFDCFlow" >
		<sfdc:delete config-ref="Salesforce" doc:name="Salesforce">
			<sfdc:ids ref="#[payload]" />
		</sfdc:delete>
	</sub-flow>



</mule>